# JRE version: OpenJDK Runtime Environment Temurin-17.0.13+11 (17.0.13+11) (build 17.0.13+11)
# Java VM: OpenJDK 64-Bit Server VM Temurin-17.0.13+11 (17.0.13+11, mixed mode, tiered, compressed oops, compressed class ptrs, g1 gc, windows-amd64)
GC Precious Log:
 CPUs: 8 total, 8 available
 Memory: 12115M
 Large Page Support: Disabled
 NUMA Support: Disabled
 Compressed Oops: Enabled (Zero based)
 Heap Region Size: 2M
 Heap Min Capacity: 8M
 Heap Initial Capacity: 190M
 Heap Max Capacity: 3030M
 Pre-touch: Disabled
 Parallel Workers: 8
 Concurrent Workers: 2
 Concurrent Refinement Workers: 8
 Periodic GC: Disabled
Heap:
 garbage-first heap   total 40960K, used 27737K [0x0000000742a00000, 0x0000000800000000)
  region size 2048K, 11 young (22528K), 1 survivors (2048K)
 Metaspace       used 25073K, committed 25408K, reserved 1114112K
  class space    used 3104K, committed 3264K, reserved 1048576K
GC Heap History (10 events):
Event: 1.918 GC heap before
{Heap before GC invocations=0 (full 0):
 garbage-first heap   total 194560K, used 20480K [0x0000000742a00000, 0x0000000800000000)
  region size 2048K, 11 young (22528K), 0 survivors (0K)
 Metaspace       used 14032K, committed 14272K, reserved 1114112K
  class space    used 1631K, committed 1728K, reserved 1048576K
}
Event: 1.925 GC heap after
{Heap after GC invocations=1 (full 0):
 garbage-first heap   total 194560K, used 4873K [0x0000000742a00000, 0x0000000800000000)
  region size 2048K, 2 young (4096K), 2 survivors (4096K)
 Metaspace       used 14032K, committed 14272K, reserved 1114112K
  class space    used 1631K, committed 1728K, reserved 1048576K
}
Event: 3.790 GC heap before
{Heap before GC invocations=1 (full 0):
 garbage-first heap   total 194560K, used 23305K [0x0000000742a00000, 0x0000000800000000)
  region size 2048K, 13 young (26624K), 2 survivors (4096K)
 Metaspace       used 21225K, committed 21504K, reserved 1114112K
  class space    used 2581K, committed 2688K, reserved 1048576K
}
Event: 3.800 GC heap after
{Heap after GC invocations=2 (full 0):
 garbage-first heap   total 194560K, used 8022K [0x0000000742a00000, 0x0000000800000000)
  region size 2048K, 2 young (4096K), 2 survivors (4096K)
 Metaspace       used 21225K, committed 21504K, reserved 1114112K
  class space    used 2581K, committed 2688K, reserved 1048576K
}
Event: 29.130 GC heap before
{Heap before GC invocations=3 (full 0):
 garbage-first heap   total 40960K, used 26454K [0x0000000742a00000, 0x0000000800000000)
  region size 2048K, 12 young (24576K), 2 survivors (4096K)
 Metaspace       used 24297K, committed 24576K, reserved 1114112K
  class space    used 3029K, committed 3200K, reserved 1048576K
}
Event: 29.138 GC heap after
{Heap after GC invocations=4 (full 0):
 garbage-first heap   total 40960K, used 8918K [0x0000000742a00000, 0x0000000800000000)
  region size 2048K, 1 young (2048K), 1 survivors (2048K)
 Metaspace       used 24297K, committed 24576K, reserved 1114112K
  class space    used 3029K, committed 3200K, reserved 1048576K
}
Event: 31.775 GC heap before
{Heap before GC invocations=4 (full 0):
 garbage-first heap   total 40960K, used 8918K [0x0000000742a00000, 0x0000000800000000)
  region size 2048K, 2 young (4096K), 1 survivors (2048K)
 Metaspace       used 24432K, committed 24768K, reserved 1114112K
  class space    used 3031K, committed 3200K, reserved 1048576K
}
Event: 31.778 GC heap after
{Heap after GC invocations=5 (full 0):
 garbage-first heap   total 40960K, used 9013K [0x0000000742a00000, 0x0000000800000000)
  region size 2048K, 1 young (2048K), 1 survivors (2048K)
 Metaspace       used 24432K, committed 24768K, reserved 1114112K
  class space    used 3031K, committed 3200K, reserved 1048576K
}
Event: 70.968 GC heap before
{Heap before GC invocations=5 (full 0):
 garbage-first heap   total 40960K, used 25397K [0x0000000742a00000, 0x0000000800000000)
  region size 2048K, 9 young (18432K), 1 survivors (2048K)
 Metaspace       used 24905K, committed 25280K, reserved 1114112K
  class space    used 3079K, committed 3264K, reserved 1048576K
}
Event: 70.972 GC heap after
{Heap after GC invocations=6 (full 0):
 garbage-first heap   total 40960K, used 9255K [0x0000000742a00000, 0x0000000800000000)
  region size 2048K, 1 young (2048K), 1 survivors (2048K)
 Metaspace       used 24905K, committed 25280K, reserved 1114112K
  class space    used 3079K, committed 3264K, reserved 1048576K
}

